2013-09-18 19:49:45,892 ERROR [Scala Presentation Compiler [progfun]] - System.err - java.lang.Exception
2013-09-18 19:49:45,893 ERROR [Scala Presentation Compiler [progfun]] - System.err - at scala.tools.nsc.interactive.Global$$anonfun$getOrCreateUnitOf$1.apply(Global.scala:155)
2013-09-18 19:49:45,893 ERROR [Scala Presentation Compiler [progfun]] - System.err - at scala.tools.nsc.interactive.Global$$anonfun$getOrCreateUnitOf$1.apply(Global.scala:155)
2013-09-18 19:49:45,893 ERROR [Scala Presentation Compiler [progfun]] - System.err - at scala.collection.MapLike$class.getOrElse(MapLike.scala:128)
2013-09-18 19:49:45,893 ERROR [Scala Presentation Compiler [progfun]] - System.err - at scala.collection.AbstractMap.getOrElse(Map.scala:58)
2013-09-18 19:49:45,893 ERROR [Scala Presentation Compiler [progfun]] - System.err - at scala.tools.nsc.interactive.Global.getOrCreateUnitOf(Global.scala:155)
2013-09-18 19:49:45,893 ERROR [Scala Presentation Compiler [progfun]] - System.err - at scala.tools.nsc.interactive.Global.typedTree(Global.scala:748)
2013-09-18 19:49:45,893 ERROR [Scala Presentation Compiler [progfun]] - System.err - at scala.tools.nsc.interactive.ProgramInstrumenter$Instrumenter$.scala$tools$nsc$interactive$ProgramInstrumenter$Instrumenter$$instrumentation(ProgramInstrumenter.scala:31)
2013-09-18 19:49:45,893 ERROR [Scala Presentation Compiler [progfun]] - System.err - at scala.tools.nsc.interactive.ProgramInstrumenter$Instrumenter$$anonfun$askInstrumentation$1.apply(ProgramInstrumenter.scala:15)
2013-09-18 19:49:45,893 ERROR [Scala Presentation Compiler [progfun]] - System.err - at scala.tools.nsc.interactive.ProgramInstrumenter$Instrumenter$$anonfun$askInstrumentation$1.apply(ProgramInstrumenter.scala:15)
2013-09-18 19:49:45,893 ERROR [Scala Presentation Compiler [progfun]] - System.err - at scala.tools.nsc.interactive.Global$$anonfun$respond$1.apply(Global.scala:616)
2013-09-18 19:49:45,893 ERROR [Scala Presentation Compiler [progfun]] - System.err - at scala.tools.nsc.interactive.Global$$anonfun$respond$1.apply(Global.scala:616)
2013-09-18 19:49:45,893 ERROR [Scala Presentation Compiler [progfun]] - System.err - at scala.tools.nsc.interactive.Global.respondGradually(Global.scala:623)
2013-09-18 19:49:45,894 ERROR [Scala Presentation Compiler [progfun]] - System.err - at scala.tools.nsc.interactive.Global.respond(Global.scala:616)
2013-09-18 19:49:45,894 ERROR [Scala Presentation Compiler [progfun]] - System.err - at scala.tools.nsc.interactive.ProgramInstrumenter$Instrumenter$.askInstrumentation(ProgramInstrumenter.scala:14)
2013-09-18 19:49:45,894 ERROR [Scala Presentation Compiler [progfun]] - System.err - at scala.tools.nsc.interactive.ProgramInstrumenter$$anonfun$askInstrumented$1.apply$mcV$sp(ProgramInstrumenter.scala:51)
2013-09-18 19:49:45,894 ERROR [Scala Presentation Compiler [progfun]] - System.err - at scala.tools.nsc.interactive.ProgramInstrumenter$$anonfun$askInstrumented$1.apply(ProgramInstrumenter.scala:51)
2013-09-18 19:49:45,894 ERROR [Scala Presentation Compiler [progfun]] - System.err - at scala.tools.nsc.interactive.ProgramInstrumenter$$anonfun$askInstrumented$1.apply(ProgramInstrumenter.scala:51)
2013-09-18 19:49:45,894 ERROR [Scala Presentation Compiler [progfun]] - System.err - at scala.tools.nsc.util.InterruptReq.execute(InterruptReq.scala:26)
2013-09-18 19:49:45,894 ERROR [Scala Presentation Compiler [progfun]] - System.err - at scala.tools.nsc.interactive.Global.pollForWork(Global.scala:339)
2013-09-18 19:49:45,894 ERROR [Scala Presentation Compiler [progfun]] - System.err - at scala.tools.nsc.interactive.Global.pollForWork(Global.scala:344)
2013-09-18 19:49:45,894 ERROR [Scala Presentation Compiler [progfun]] - System.err - at scala.tools.nsc.interactive.PresentationCompilerThread.run(PresentationCompilerThread.scala:22)
2013-09-18 20:30:06,279 ERROR [Scala Presentation Compiler [progfun]] - System.err - java.lang.Exception
2013-09-18 20:30:06,279 ERROR [Scala Presentation Compiler [progfun]] - System.err - at scala.tools.nsc.interactive.Global$$anonfun$getOrCreateUnitOf$1.apply(Global.scala:155)
2013-09-18 20:30:06,279 ERROR [Scala Presentation Compiler [progfun]] - System.err - at scala.tools.nsc.interactive.Global$$anonfun$getOrCreateUnitOf$1.apply(Global.scala:155)
2013-09-18 20:30:06,279 ERROR [Scala Presentation Compiler [progfun]] - System.err - at scala.collection.MapLike$class.getOrElse(MapLike.scala:128)
2013-09-18 20:30:06,279 ERROR [Scala Presentation Compiler [progfun]] - System.err - at scala.collection.AbstractMap.getOrElse(Map.scala:58)
2013-09-18 20:30:06,279 ERROR [Scala Presentation Compiler [progfun]] - System.err - at scala.tools.nsc.interactive.Global.getOrCreateUnitOf(Global.scala:155)
2013-09-18 20:30:06,279 ERROR [Scala Presentation Compiler [progfun]] - System.err - at scala.tools.nsc.interactive.Global.typedTree(Global.scala:748)
2013-09-18 20:30:06,279 ERROR [Scala Presentation Compiler [progfun]] - System.err - at scala.tools.nsc.interactive.ProgramInstrumenter$Instrumenter$.scala$tools$nsc$interactive$ProgramInstrumenter$Instrumenter$$instrumentation(ProgramInstrumenter.scala:31)
2013-09-18 20:30:06,279 ERROR [Scala Presentation Compiler [progfun]] - System.err - at scala.tools.nsc.interactive.ProgramInstrumenter$Instrumenter$$anonfun$askInstrumentation$1.apply(ProgramInstrumenter.scala:15)
2013-09-18 20:30:06,279 ERROR [Scala Presentation Compiler [progfun]] - System.err - at scala.tools.nsc.interactive.ProgramInstrumenter$Instrumenter$$anonfun$askInstrumentation$1.apply(ProgramInstrumenter.scala:15)
2013-09-18 20:30:06,279 ERROR [Scala Presentation Compiler [progfun]] - System.err - at scala.tools.nsc.interactive.Global$$anonfun$respond$1.apply(Global.scala:616)
2013-09-18 20:30:06,279 ERROR [Scala Presentation Compiler [progfun]] - System.err - at scala.tools.nsc.interactive.Global$$anonfun$respond$1.apply(Global.scala:616)
2013-09-18 20:30:06,280 ERROR [Scala Presentation Compiler [progfun]] - System.err - at scala.tools.nsc.interactive.Global.respondGradually(Global.scala:623)
2013-09-18 20:30:06,280 ERROR [Scala Presentation Compiler [progfun]] - System.err - at scala.tools.nsc.interactive.Global.respond(Global.scala:616)
2013-09-18 20:30:06,280 ERROR [Scala Presentation Compiler [progfun]] - System.err - at scala.tools.nsc.interactive.ProgramInstrumenter$Instrumenter$.askInstrumentation(ProgramInstrumenter.scala:14)
2013-09-18 20:30:06,280 ERROR [Scala Presentation Compiler [progfun]] - System.err - at scala.tools.nsc.interactive.ProgramInstrumenter$$anonfun$askInstrumented$1.apply$mcV$sp(ProgramInstrumenter.scala:51)
2013-09-18 20:30:06,280 ERROR [Scala Presentation Compiler [progfun]] - System.err - at scala.tools.nsc.interactive.ProgramInstrumenter$$anonfun$askInstrumented$1.apply(ProgramInstrumenter.scala:51)
2013-09-18 20:30:06,280 ERROR [Scala Presentation Compiler [progfun]] - System.err - at scala.tools.nsc.interactive.ProgramInstrumenter$$anonfun$askInstrumented$1.apply(ProgramInstrumenter.scala:51)
2013-09-18 20:30:06,280 ERROR [Scala Presentation Compiler [progfun]] - System.err - at scala.tools.nsc.util.InterruptReq.execute(InterruptReq.scala:26)
2013-09-18 20:30:06,280 ERROR [Scala Presentation Compiler [progfun]] - System.err - at scala.tools.nsc.interactive.Global.pollForWork(Global.scala:339)
2013-09-18 20:30:06,280 ERROR [Scala Presentation Compiler [progfun]] - System.err - at scala.tools.nsc.interactive.Global.pollForWork(Global.scala:344)
2013-09-18 20:30:06,280 ERROR [Scala Presentation Compiler [progfun]] - System.err - at scala.tools.nsc.interactive.PresentationCompilerThread.run(PresentationCompilerThread.scala:22)
2013-09-23 19:45:46,184 ERROR [Scala Presentation Compiler [progfun]] - System.err - java.lang.Exception
2013-09-23 19:45:46,190 ERROR [Scala Presentation Compiler [progfun]] - System.err - at scala.tools.nsc.interactive.Global$$anonfun$getOrCreateUnitOf$1.apply(Global.scala:155)
2013-09-23 19:45:46,190 ERROR [Scala Presentation Compiler [progfun]] - System.err - at scala.tools.nsc.interactive.Global$$anonfun$getOrCreateUnitOf$1.apply(Global.scala:155)
2013-09-23 19:45:46,190 ERROR [Scala Presentation Compiler [progfun]] - System.err - at scala.collection.MapLike$class.getOrElse(MapLike.scala:128)
2013-09-23 19:45:46,190 ERROR [Scala Presentation Compiler [progfun]] - System.err - at scala.collection.AbstractMap.getOrElse(Map.scala:58)
2013-09-23 19:45:46,190 ERROR [Scala Presentation Compiler [progfun]] - System.err - at scala.tools.nsc.interactive.Global.getOrCreateUnitOf(Global.scala:155)
2013-09-23 19:45:46,190 ERROR [Scala Presentation Compiler [progfun]] - System.err - at scala.tools.nsc.interactive.Global.typedTree(Global.scala:748)
2013-09-23 19:45:46,190 ERROR [Scala Presentation Compiler [progfun]] - System.err - at scala.tools.nsc.interactive.ProgramInstrumenter$Instrumenter$.scala$tools$nsc$interactive$ProgramInstrumenter$Instrumenter$$instrumentation(ProgramInstrumenter.scala:31)
2013-09-23 19:45:46,190 ERROR [Scala Presentation Compiler [progfun]] - System.err - at scala.tools.nsc.interactive.ProgramInstrumenter$Instrumenter$$anonfun$askInstrumentation$1.apply(ProgramInstrumenter.scala:15)
2013-09-23 19:45:46,190 ERROR [Scala Presentation Compiler [progfun]] - System.err - at scala.tools.nsc.interactive.ProgramInstrumenter$Instrumenter$$anonfun$askInstrumentation$1.apply(ProgramInstrumenter.scala:15)
2013-09-23 19:45:46,190 ERROR [Scala Presentation Compiler [progfun]] - System.err - at scala.tools.nsc.interactive.Global$$anonfun$respond$1.apply(Global.scala:616)
2013-09-23 19:45:46,190 ERROR [Scala Presentation Compiler [progfun]] - System.err - at scala.tools.nsc.interactive.Global$$anonfun$respond$1.apply(Global.scala:616)
2013-09-23 19:45:46,190 ERROR [Scala Presentation Compiler [progfun]] - System.err - at scala.tools.nsc.interactive.Global.respondGradually(Global.scala:623)
2013-09-23 19:45:46,190 ERROR [Scala Presentation Compiler [progfun]] - System.err - at scala.tools.nsc.interactive.Global.respond(Global.scala:616)
2013-09-23 19:45:46,190 ERROR [Scala Presentation Compiler [progfun]] - System.err - at scala.tools.nsc.interactive.ProgramInstrumenter$Instrumenter$.askInstrumentation(ProgramInstrumenter.scala:14)
2013-09-23 19:45:46,190 ERROR [Scala Presentation Compiler [progfun]] - System.err - at scala.tools.nsc.interactive.ProgramInstrumenter$$anonfun$askInstrumented$1.apply$mcV$sp(ProgramInstrumenter.scala:51)
2013-09-23 19:45:46,190 ERROR [Scala Presentation Compiler [progfun]] - System.err - at scala.tools.nsc.interactive.ProgramInstrumenter$$anonfun$askInstrumented$1.apply(ProgramInstrumenter.scala:51)
2013-09-23 19:45:46,190 ERROR [Scala Presentation Compiler [progfun]] - System.err - at scala.tools.nsc.interactive.ProgramInstrumenter$$anonfun$askInstrumented$1.apply(ProgramInstrumenter.scala:51)
2013-09-23 19:45:46,190 ERROR [Scala Presentation Compiler [progfun]] - System.err - at scala.tools.nsc.util.InterruptReq.execute(InterruptReq.scala:26)
2013-09-23 19:45:46,190 ERROR [Scala Presentation Compiler [progfun]] - System.err - at scala.tools.nsc.interactive.Global.pollForWork(Global.scala:339)
2013-09-23 19:45:46,190 ERROR [Scala Presentation Compiler [progfun]] - System.err - at scala.tools.nsc.interactive.Global.pollForWork(Global.scala:344)
2013-09-23 19:45:46,190 ERROR [Scala Presentation Compiler [progfun]] - System.err - at scala.tools.nsc.interactive.PresentationCompilerThread.run(PresentationCompilerThread.scala:22)
2013-09-24 09:27:30,708  WARN [main] - org.scala-ide.sdt.core - org.scala-ide.sdt.core - org.scala-ide.sdt.core - 0 - ProgramExecutor actor </home/v-yza/Courses/Scala/workspace/progfun/src/week2/exercise2.sc> self-healing...
java.lang.NullPointerException
	at org.scalaide.worksheet.editor.ScriptEditor$DefaultEditorProxy.org$scalaide$worksheet$editor$ScriptEditor$DefaultEditorProxy$$doc(ScriptEditor.scala:71)
	at org.scalaide.worksheet.editor.ScriptEditor$DefaultEditorProxy.getContents(ScriptEditor.scala:73)
	at org.scalaide.worksheet.runtime.IncrementalDocumentMixer.<init>(IncrementalDocumentMixer.scala:30)
	at org.scalaide.worksheet.runtime.IncrementalDocumentMixer$.apply(IncrementalDocumentMixer.scala:16)
	at org.scalaide.worksheet.runtime.ProgramExecutor$$anonfun$act$1$$anonfun$apply$1.applyOrElse(ProgramExecutor.scala:167)
	at scala.runtime.AbstractPartialFunction$mcVL$sp.apply$mcVL$sp(AbstractPartialFunction.scala:33)
	at scala.runtime.AbstractPartialFunction$mcVL$sp.apply(AbstractPartialFunction.scala:33)
	at scala.runtime.AbstractPartialFunction$mcVL$sp.apply(AbstractPartialFunction.scala:25)
	at scala.actors.ReactorTask.run(ReactorTask.scala:31)
	at scala.actors.Reactor$class.resumeReceiver(Reactor.scala:129)
	at org.scalaide.worksheet.runtime.ProgramExecutor.scala$actors$InternalReplyReactor$$super$resumeReceiver(ProgramExecutor.scala:100)
	at scala.actors.InternalReplyReactor$class.resumeReceiver(InternalReplyReactor.scala:59)
	at org.scalaide.worksheet.runtime.ProgramExecutor.resumeReceiver(ProgramExecutor.scala:100)
	at scala.actors.InternalActor$class.searchMailbox(InternalActor.scala:76)
	at org.scalaide.worksheet.runtime.ProgramExecutor.searchMailbox(ProgramExecutor.scala:100)
	at scala.actors.Reactor$$anonfun$startSearch$1$$anonfun$apply$mcV$sp$1.apply$mcV$sp(Reactor.scala:117)
	at scala.actors.Reactor$$anonfun$startSearch$1$$anonfun$apply$mcV$sp$1.apply(Reactor.scala:114)
	at scala.actors.Reactor$$anonfun$startSearch$1$$anonfun$apply$mcV$sp$1.apply(Reactor.scala:114)
	at scala.actors.ReactorTask.run(ReactorTask.scala:33)
	at scala.actors.ReactorTask.compute(ReactorTask.scala:63)
	at scala.concurrent.forkjoin.RecursiveAction.exec(RecursiveAction.java:160)
	at scala.concurrent.forkjoin.ForkJoinTask.doExec(ForkJoinTask.java:260)
	at scala.concurrent.forkjoin.ForkJoinPool$WorkQueue.runTask(ForkJoinPool.java:1339)
	at scala.concurrent.forkjoin.ForkJoinPool.runWorker(ForkJoinPool.java:1979)
	at scala.concurrent.forkjoin.ForkJoinWorkerThread.run(ForkJoinWorkerThread.java:107)
2013-09-25 19:33:06,339 ERROR [Scala Presentation Compiler [progfun]] - System.err - java.lang.Exception
2013-09-25 19:33:06,399 ERROR [Scala Presentation Compiler [progfun]] - System.err - at scala.tools.nsc.interactive.Global$$anonfun$getOrCreateUnitOf$1.apply(Global.scala:155)
2013-09-25 19:33:06,399 ERROR [Scala Presentation Compiler [progfun]] - System.err - at scala.tools.nsc.interactive.Global$$anonfun$getOrCreateUnitOf$1.apply(Global.scala:155)
2013-09-25 19:33:06,399 ERROR [Scala Presentation Compiler [progfun]] - System.err - at scala.collection.MapLike$class.getOrElse(MapLike.scala:128)
2013-09-25 19:33:06,399 ERROR [Scala Presentation Compiler [progfun]] - System.err - at scala.collection.AbstractMap.getOrElse(Map.scala:58)
2013-09-25 19:33:06,399 ERROR [Scala Presentation Compiler [progfun]] - System.err - at scala.tools.nsc.interactive.Global.getOrCreateUnitOf(Global.scala:155)
2013-09-25 19:33:06,399 ERROR [Scala Presentation Compiler [progfun]] - System.err - at scala.tools.nsc.interactive.Global.typedTree(Global.scala:748)
2013-09-25 19:33:06,399 ERROR [Scala Presentation Compiler [progfun]] - System.err - at scala.tools.nsc.interactive.ProgramInstrumenter$Instrumenter$.scala$tools$nsc$interactive$ProgramInstrumenter$Instrumenter$$instrumentation(ProgramInstrumenter.scala:31)
2013-09-25 19:33:06,399 ERROR [Scala Presentation Compiler [progfun]] - System.err - at scala.tools.nsc.interactive.ProgramInstrumenter$Instrumenter$$anonfun$askInstrumentation$1.apply(ProgramInstrumenter.scala:15)
2013-09-25 19:33:06,399 ERROR [Scala Presentation Compiler [progfun]] - System.err - at scala.tools.nsc.interactive.ProgramInstrumenter$Instrumenter$$anonfun$askInstrumentation$1.apply(ProgramInstrumenter.scala:15)
2013-09-25 19:33:06,399 ERROR [Scala Presentation Compiler [progfun]] - System.err - at scala.tools.nsc.interactive.Global$$anonfun$respond$1.apply(Global.scala:616)
2013-09-25 19:33:06,399 ERROR [Scala Presentation Compiler [progfun]] - System.err - at scala.tools.nsc.interactive.Global$$anonfun$respond$1.apply(Global.scala:616)
2013-09-25 19:33:06,399 ERROR [Scala Presentation Compiler [progfun]] - System.err - at scala.tools.nsc.interactive.Global.respondGradually(Global.scala:623)
2013-09-25 19:33:06,399 ERROR [Scala Presentation Compiler [progfun]] - System.err - at scala.tools.nsc.interactive.Global.respond(Global.scala:616)
2013-09-25 19:33:06,399 ERROR [Scala Presentation Compiler [progfun]] - System.err - at scala.tools.nsc.interactive.ProgramInstrumenter$Instrumenter$.askInstrumentation(ProgramInstrumenter.scala:14)
2013-09-25 19:33:06,399 ERROR [Scala Presentation Compiler [progfun]] - System.err - at scala.tools.nsc.interactive.ProgramInstrumenter$$anonfun$askInstrumented$1.apply$mcV$sp(ProgramInstrumenter.scala:51)
2013-09-25 19:33:06,399 ERROR [Scala Presentation Compiler [progfun]] - System.err - at scala.tools.nsc.interactive.ProgramInstrumenter$$anonfun$askInstrumented$1.apply(ProgramInstrumenter.scala:51)
2013-09-25 19:33:06,399 ERROR [Scala Presentation Compiler [progfun]] - System.err - at scala.tools.nsc.interactive.ProgramInstrumenter$$anonfun$askInstrumented$1.apply(ProgramInstrumenter.scala:51)
2013-09-25 19:33:06,399 ERROR [Scala Presentation Compiler [progfun]] - System.err - at scala.tools.nsc.util.InterruptReq.execute(InterruptReq.scala:26)
2013-09-25 19:33:06,399 ERROR [Scala Presentation Compiler [progfun]] - System.err - at scala.tools.nsc.interactive.Global.pollForWork(Global.scala:339)
2013-09-25 19:33:06,399 ERROR [Scala Presentation Compiler [progfun]] - System.err - at scala.tools.nsc.interactive.Global.pollForWork(Global.scala:344)
2013-09-25 19:33:06,399 ERROR [Scala Presentation Compiler [progfun]] - System.err - at scala.tools.nsc.interactive.PresentationCompilerThread.run(PresentationCompilerThread.scala:22)
